The target system is: PICO -  - cortex-m33
The host system is: Linux - 6.12.47+rpt-rpi-2712 - aarch64
Compiling the C compiler identification source file "CMakeCCompilerId.c" succeeded.
Compiler: /usr/bin/arm-none-eabi-gcc 
Build flags: ;-mcpu=cortex-m33;-mthumb;-march=armv8-m.main+fp+dsp;-mfloat-abi=softfp;-mcmse
Id flags: -c 

The output was:
0


Compilation of the C compiler identification source "CMakeCCompilerId.c" produced "CMakeCCompilerId.o"

The C compiler identification is GNU, found in "/home/Phillip/Pico/cpp/build/CMakeFiles/3.25.1/CompilerIdC/CMakeCCompilerId.o"

Compiling the CXX compiler identification source file "CMakeCXXCompilerId.cpp" succeeded.
Compiler: /usr/bin/arm-none-eabi-g++ 
Build flags: ;-mcpu=cortex-m33;-mthumb;-march=armv8-m.main+fp+dsp;-mfloat-abi=softfp;-mcmse
Id flags: -c 

The output was:
0


Compilation of the CXX compiler identification source "CMakeCXXCompilerId.cpp" produced "CMakeCXXCompilerId.o"

The CXX compiler identification is GNU, found in "/home/Phillip/Pico/cpp/build/CMakeFiles/3.25.1/CompilerIdCXX/CMakeCXXCompilerId.o"

Checking whether the ASM compiler is GNU using "--version" matched "(GNU assembler)|(GCC)|(Free Software Foundation)":
arm-none-eabi-gcc (15:12.2.rel1-1) 12.2.1 20221205
Copyright (C) 2022 Free Software Foundation, Inc.
This is free software; see the source for copying conditions.  There is NO
warranty; not even for MERCHANTABILITY or FITNESS FOR A PARTICULAR PURPOSE.

Detecting C compiler ABI info compiled with the following output:
Change Dir: /home/Phillip/Pico/cpp/build/CMakeFiles/CMakeScratch/TryCompile-o5KtBh

Run Build Command(s):/usr/bin/gmake -f Makefile cmTC_7f591/fast && /usr/bin/gmake  -f CMakeFiles/cmTC_7f591.dir/build.make CMakeFiles/cmTC_7f591.dir/build
gmake[1]: Entering directory '/home/Phillip/Pico/cpp/build/CMakeFiles/CMakeScratch/TryCompile-o5KtBh'
Building C object CMakeFiles/cmTC_7f591.dir/CMakeCCompilerABI.c.o
/usr/bin/arm-none-eabi-gcc   -mcpu=cortex-m33 -mthumb -march=armv8-m.main+fp+dsp -mfloat-abi=softfp -mcmse    -v -o CMakeFiles/cmTC_7f591.dir/CMakeCCompilerABI.c.o -c /usr/share/cmake-3.25/Modules/CMakeCCompilerABI.c
Using built-in specs.
COLLECT_GCC=/usr/bin/arm-none-eabi-gcc
Target: arm-none-eabi
Configured with: ../configure --build=aarch64-linux-gnu --prefix=/usr --includedir='/usr/lib/include' --mandir='/usr/lib/share/man' --infodir='/usr/lib/share/info' --sysconfdir=/etc --localstatedir=/var --disable-option-checking --disable-silent-rules --libdir='/usr/lib/lib/aarch64-linux-gnu' --libexecdir='/usr/lib/lib/aarch64-linux-gnu' --disable-maintainer-mode --disable-dependency-tracking --mandir=/usr/share/man --enable-languages=c,c++,lto --enable-multilib --disable-decimal-float --disable-libffi --disable-libgomp --disable-libmudflap --disable-libquadmath --disable-libssp --disable-libstdcxx-pch --disable-nls --disable-shared --disable-threads --enable-tls --build=aarch64-linux-gnu --target=arm-none-eabi --with-system-zlib --with-gnu-as --with-gnu-ld --with-pkgversion=15:12.2.rel1-1 --without-included-gettext --prefix=/usr/lib --infodir=/usr/share/doc/gcc-arm-none-eabi/info --htmldir=/usr/share/doc/gcc-arm-none-eabi/html --pdfdir=/usr/share/doc/gcc-arm-none-eabi/pdf --bindir=/usr/bin --libexecdir=/usr/lib --libdir=/usr/lib --disable-libstdc++-v3 --host=aarch64-linux-gnu --with-headers=no --without-newlib --with-multilib-list=rmprofile,aprofile ASFLAGS= CFLAGS='-g -O2 -ffile-prefix-map=/build/gcc-arm-none-eabi-xyVptX/gcc-arm-none-eabi-12.2.rel1=. -fstack-protector-strong' CPPFLAGS='-Wdate-time -D_FORTIFY_SOURCE=2' CXXFLAGS='-g -O2 -ffile-prefix-map=/build/gcc-arm-none-eabi-xyVptX/gcc-arm-none-eabi-12.2.rel1=. -fstack-protector-strong' DFLAGS=-frelease FCFLAGS='-g -O2 -ffile-prefix-map=/build/gcc-arm-none-eabi-xyVptX/gcc-arm-none-eabi-12.2.rel1=. -fstack-protector-strong' FFLAGS='-g -O2 -ffile-prefix-map=/build/gcc-arm-none-eabi-xyVptX/gcc-arm-none-eabi-12.2.rel1=. -fstack-protector-strong' GCJFLAGS='-g -O2 -ffile-prefix-map=/build/gcc-arm-none-eabi-xyVptX/gcc-arm-none-eabi-12.2.rel1=. -fstack-protector-strong' LDFLAGS=-Wl,-z,relro OBJCFLAGS='-g -O2 -ffile-prefix-map=/build/gcc-arm-none-eabi-xyVptX/gcc-arm-none-eabi-12.2.rel1=. -fstack-protector-strong' OBJCXXFLAGS='-g -O2 -ffile-prefix-map=/build/gcc-arm-none-eabi-xyVptX/gcc-arm-none-eabi-12.2.rel1=. -fstack-protector-strong' INHIBIT_LIBC_CFLAGS=-DUSE_TM_CLONE_REGISTRY=0 AR_FOR_TARGET=arm-none-eabi-ar AS_FOR_TARGET=arm-none-eabi-as LD_FOR_TARGET=arm-none-eabi-ld NM_FOR_TARGET=arm-none-eabi-nm OBJDUMP_FOR_TARGET=arm-none-eabi-objdump RANLIB_FOR_TARGET=arm-none-eabi-ranlib READELF_FOR_TARGET=arm-none-eabi-readelf STRIP_FOR_TARGET=arm-none-eabi-strip SED=/bin/sed SHELL=/bin/sh BASH=/bin/bash CONFIG_SHELL=/bin/bash
Thread model: single
Supported LTO compression algorithms: zlib
gcc version 12.2.1 20221205 (15:12.2.rel1-1) 
COLLECT_GCC_OPTIONS='-mcpu=cortex-m33' '-mthumb'  '-mfloat-abi=softfp' '-mcmse' '-v' '-o' 'CMakeFiles/cmTC_7f591.dir/CMakeCCompilerABI.c.o' '-c' '-mlibarch=armv8-m.main+dsp+fp' '-march=armv8-m.main+dsp+fp' '-dumpdir' 'CMakeFiles/cmTC_7f591.dir/'
 /usr/lib/gcc/arm-none-eabi/12.2.1/cc1 -quiet -v -imultilib thumb/v8-m.main+fp/softfp -D__USES_INITFINI__ /usr/share/cmake-3.25/Modules/CMakeCCompilerABI.c -quiet -dumpdir CMakeFiles/cmTC_7f591.dir/ -dumpbase CMakeCCompilerABI.c.c -dumpbase-ext .c -mcpu=cortex-m33 -mthumb -mfloat-abi=softfp -mcmse -mlibarch=armv8-m.main+dsp+fp -march=armv8-m.main+dsp+fp -version -o /tmp/cclYvLDH.s
GNU C17 (15:12.2.rel1-1) version 12.2.1 20221205 (arm-none-eabi)
	compiled by GNU C version 12.2.0, GMP version 6.2.1, MPFR version 4.1.0, MPC version 1.2.1, isl version isl-0.25-GMP

warning: MPFR header version 4.1.0 differs from library version 4.2.0.
warning: MPC header version 1.2.1 differs from library version 1.3.1.
GGC heuristics: --param ggc-min-expand=100 --param ggc-min-heapsize=131072
ignoring nonexistent directory "/usr/lib/gcc/arm-none-eabi/12.2.1/../../../arm-none-eabi/sys-include"
#include "..." search starts here:
#include <...> search starts here:
 /usr/lib/gcc/arm-none-eabi/12.2.1/include
 /usr/lib/gcc/arm-none-eabi/12.2.1/include-fixed
 /usr/lib/gcc/arm-none-eabi/12.2.1/../../../arm-none-eabi/include
End of search list.
GNU C17 (15:12.2.rel1-1) version 12.2.1 20221205 (arm-none-eabi)
	compiled by GNU C version 12.2.0, GMP version 6.2.1, MPFR version 4.1.0, MPC version 1.2.1, isl version isl-0.25-GMP

warning: MPFR header version 4.1.0 differs from library version 4.2.0.
warning: MPC header version 1.2.1 differs from library version 1.3.1.
GGC heuristics: --param ggc-min-expand=100 --param ggc-min-heapsize=131072
Compiler executable checksum: 0d4bc53b9015cd6d3564eb5cdff9dcef
COLLECT_GCC_OPTIONS='-mcpu=cortex-m33' '-mthumb'  '-mfloat-abi=softfp' '-mcmse' '-v' '-o' 'CMakeFiles/cmTC_7f591.dir/CMakeCCompilerABI.c.o' '-c' '-mlibarch=armv8-m.main+dsp+fp' '-march=armv8-m.main+dsp+fp' '-dumpdir' 'CMakeFiles/cmTC_7f591.dir/'
 /usr/lib/gcc/arm-none-eabi/12.2.1/../../../arm-none-eabi/bin/as -v -march=armv8-m.main+dsp+fp -mfloat-abi=softfp -meabi=5 -o CMakeFiles/cmTC_7f591.dir/CMakeCCompilerABI.c.o /tmp/cclYvLDH.s
GNU assembler version 2.40 (arm-none-eabi) using BFD version (2.40-2+18+b1) 2.40
COMPILER_PATH=/usr/lib/gcc/arm-none-eabi/12.2.1/:/usr/lib/gcc/arm-none-eabi/12.2.1/:/usr/lib/gcc/arm-none-eabi/:/usr/lib/gcc/arm-none-eabi/12.2.1/:/usr/lib/gcc/arm-none-eabi/:/usr/lib/gcc/arm-none-eabi/12.2.1/../../../arm-none-eabi/bin/
LIBRARY_PATH=/usr/lib/gcc/arm-none-eabi/12.2.1/thumb/v8-m.main+fp/softfp/:/usr/lib/gcc/arm-none-eabi/12.2.1/../../../arm-none-eabi/lib/thumb/v8-m.main+fp/softfp/:/usr/lib/gcc/arm-none-eabi/12.2.1/:/usr/lib/gcc/arm-none-eabi/12.2.1/../../../arm-none-eabi/lib/
COLLECT_GCC_OPTIONS='-mcpu=cortex-m33' '-mthumb'  '-mfloat-abi=softfp' '-mcmse' '-v' '-o' 'CMakeFiles/cmTC_7f591.dir/CMakeCCompilerABI.c.o' '-c' '-mlibarch=armv8-m.main+dsp+fp' '-march=armv8-m.main+dsp+fp' '-dumpdir' 'CMakeFiles/cmTC_7f591.dir/CMakeCCompilerABI.c.'
Linking C executable cmTC_7f591.elf
/usr/bin/cmake -E cmake_link_script CMakeFiles/cmTC_7f591.dir/link.txt --verbose=1
/usr/bin/arm-none-eabi-gcc -mcpu=cortex-m33 -mthumb -march=armv8-m.main+fp+dsp -mfloat-abi=softfp -mcmse  -Wl,--build-id=none -nostdlib  -v CMakeFiles/cmTC_7f591.dir/CMakeCCompilerABI.c.o -o cmTC_7f591.elf 
Using built-in specs.
COLLECT_GCC=/usr/bin/arm-none-eabi-gcc
COLLECT_LTO_WRAPPER=/usr/lib/gcc/arm-none-eabi/12.2.1/lto-wrapper
Target: arm-none-eabi
Configured with: ../configure --build=aarch64-linux-gnu --prefix=/usr --includedir='/usr/lib/include' --mandir='/usr/lib/share/man' --infodir='/usr/lib/share/info' --sysconfdir=/etc --localstatedir=/var --disable-option-checking --disable-silent-rules --libdir='/usr/lib/lib/aarch64-linux-gnu' --libexecdir='/usr/lib/lib/aarch64-linux-gnu' --disable-maintainer-mode --disable-dependency-tracking --mandir=/usr/share/man --enable-languages=c,c++,lto --enable-multilib --disable-decimal-float --disable-libffi --disable-libgomp --disable-libmudflap --disable-libquadmath --disable-libssp --disable-libstdcxx-pch --disable-nls --disable-shared --disable-threads --enable-tls --build=aarch64-linux-gnu --target=arm-none-eabi --with-system-zlib --with-gnu-as --with-gnu-ld --with-pkgversion=15:12.2.rel1-1 --without-included-gettext --prefix=/usr/lib --infodir=/usr/share/doc/gcc-arm-none-eabi/info --htmldir=/usr/share/doc/gcc-arm-none-eabi/html --pdfdir=/usr/share/doc/gcc-arm-none-eabi/pdf --bindir=/usr/bin --libexecdir=/usr/lib --libdir=/usr/lib --disable-libstdc++-v3 --host=aarch64-linux-gnu --with-headers=no --without-newlib --with-multilib-list=rmprofile,aprofile ASFLAGS= CFLAGS='-g -O2 -ffile-prefix-map=/build/gcc-arm-none-eabi-xyVptX/gcc-arm-none-eabi-12.2.rel1=. -fstack-protector-strong' CPPFLAGS='-Wdate-time -D_FORTIFY_SOURCE=2' CXXFLAGS='-g -O2 -ffile-prefix-map=/build/gcc-arm-none-eabi-xyVptX/gcc-arm-none-eabi-12.2.rel1=. -fstack-protector-strong' DFLAGS=-frelease FCFLAGS='-g -O2 -ffile-prefix-map=/build/gcc-arm-none-eabi-xyVptX/gcc-arm-none-eabi-12.2.rel1=. -fstack-protector-strong' FFLAGS='-g -O2 -ffile-prefix-map=/build/gcc-arm-none-eabi-xyVptX/gcc-arm-none-eabi-12.2.rel1=. -fstack-protector-strong' GCJFLAGS='-g -O2 -ffile-prefix-map=/build/gcc-arm-none-eabi-xyVptX/gcc-arm-none-eabi-12.2.rel1=. -fstack-protector-strong' LDFLAGS=-Wl,-z,relro OBJCFLAGS='-g -O2 -ffile-prefix-map=/build/gcc-arm-none-eabi-xyVptX/gcc-arm-none-eabi-12.2.rel1=. -fstack-protector-strong' OBJCXXFLAGS='-g -O2 -ffile-prefix-map=/build/gcc-arm-none-eabi-xyVptX/gcc-arm-none-eabi-12.2.rel1=. -fstack-protector-strong' INHIBIT_LIBC_CFLAGS=-DUSE_TM_CLONE_REGISTRY=0 AR_FOR_TARGET=arm-none-eabi-ar AS_FOR_TARGET=arm-none-eabi-as LD_FOR_TARGET=arm-none-eabi-ld NM_FOR_TARGET=arm-none-eabi-nm OBJDUMP_FOR_TARGET=arm-none-eabi-objdump RANLIB_FOR_TARGET=arm-none-eabi-ranlib READELF_FOR_TARGET=arm-none-eabi-readelf STRIP_FOR_TARGET=arm-none-eabi-strip SED=/bin/sed SHELL=/bin/sh BASH=/bin/bash CONFIG_SHELL=/bin/bash
Thread model: single
Supported LTO compression algorithms: zlib
gcc version 12.2.1 20221205 (15:12.2.rel1-1) 
COMPILER_PATH=/usr/lib/gcc/arm-none-eabi/12.2.1/:/usr/lib/gcc/arm-none-eabi/12.2.1/:/usr/lib/gcc/arm-none-eabi/:/usr/lib/gcc/arm-none-eabi/12.2.1/:/usr/lib/gcc/arm-none-eabi/:/usr/lib/gcc/arm-none-eabi/12.2.1/../../../arm-none-eabi/bin/
LIBRARY_PATH=/usr/lib/gcc/arm-none-eabi/12.2.1/thumb/v8-m.main+fp/softfp/:/usr/lib/gcc/arm-none-eabi/12.2.1/../../../arm-none-eabi/lib/thumb/v8-m.main+fp/softfp/:/usr/lib/gcc/arm-none-eabi/12.2.1/:/usr/lib/gcc/arm-none-eabi/12.2.1/../../../arm-none-eabi/lib/
COLLECT_GCC_OPTIONS='-mcpu=cortex-m33' '-mthumb'  '-mfloat-abi=softfp' '-mcmse' '-nostdlib' '-v' '-o' 'cmTC_7f591.elf' '-mlibarch=armv8-m.main+dsp+fp' '-march=armv8-m.main+dsp+fp' '-dumpdir' 'cmTC_7f591.elf.'
 /usr/lib/gcc/arm-none-eabi/12.2.1/collect2 -plugin /usr/lib/gcc/arm-none-eabi/12.2.1/liblto_plugin.so -plugin-opt=/usr/lib/gcc/arm-none-eabi/12.2.1/lto-wrapper -plugin-opt=-fresolution=/tmp/ccyWttwS.res -X -o cmTC_7f591.elf -L/usr/lib/gcc/arm-none-eabi/12.2.1/thumb/v8-m.main+fp/softfp -L/usr/lib/gcc/arm-none-eabi/12.2.1/../../../arm-none-eabi/lib/thumb/v8-m.main+fp/softfp -L/usr/lib/gcc/arm-none-eabi/12.2.1 -L/usr/lib/gcc/arm-none-eabi/12.2.1/../../../arm-none-eabi/lib --build-id=none CMakeFiles/cmTC_7f591.dir/CMakeCCompilerABI.c.o
/usr/lib/gcc/arm-none-eabi/12.2.1/../../../arm-none-eabi/bin/ld: warning: cannot find entry symbol _start; defaulting to 00008000
COLLECT_GCC_OPTIONS='-mcpu=cortex-m33' '-mthumb'  '-mfloat-abi=softfp' '-mcmse' '-nostdlib' '-v' '-o' 'cmTC_7f591.elf' '-mlibarch=armv8-m.main+dsp+fp' '-march=armv8-m.main+dsp+fp' '-dumpdir' 'cmTC_7f591.elf.'
gmake[1]: Leaving directory '/home/Phillip/Pico/cpp/build/CMakeFiles/CMakeScratch/TryCompile-o5KtBh'



Parsed C implicit include dir info from above output: rv=done
  found start of include info
  found start of implicit include info
    add: [/usr/lib/gcc/arm-none-eabi/12.2.1/include]
    add: [/usr/lib/gcc/arm-none-eabi/12.2.1/include-fixed]
    add: [/usr/lib/gcc/arm-none-eabi/12.2.1/../../../arm-none-eabi/include]
  end of search list found
  collapse include dir [/usr/lib/gcc/arm-none-eabi/12.2.1/include] ==> [/usr/lib/gcc/arm-none-eabi/12.2.1/include]
  collapse include dir [/usr/lib/gcc/arm-none-eabi/12.2.1/include-fixed] ==> [/usr/lib/gcc/arm-none-eabi/12.2.1/include-fixed]
  collapse include dir [/usr/lib/gcc/arm-none-eabi/12.2.1/../../../arm-none-eabi/include] ==> [/usr/lib/arm-none-eabi/include]
  implicit include dirs: [/usr/lib/gcc/arm-none-eabi/12.2.1/include;/usr/lib/gcc/arm-none-eabi/12.2.1/include-fixed;/usr/lib/arm-none-eabi/include]


Parsed C implicit link information from above output:
  link line regex: [^( *|.*[/\])(arm-none-eabi-ld|CMAKE_LINK_STARTFILE-NOTFOUND|([^/\]+-)?ld|collect2)[^/\]*( |$)]
  ignore line: [Change Dir: /home/Phillip/Pico/cpp/build/CMakeFiles/CMakeScratch/TryCompile-o5KtBh]
  ignore line: []
  ignore line: [Run Build Command(s):/usr/bin/gmake -f Makefile cmTC_7f591/fast && /usr/bin/gmake  -f CMakeFiles/cmTC_7f591.dir/build.make CMakeFiles/cmTC_7f591.dir/build]
  ignore line: [gmake[1]: Entering directory '/home/Phillip/Pico/cpp/build/CMakeFiles/CMakeScratch/TryCompile-o5KtBh']
  ignore line: [Building C object CMakeFiles/cmTC_7f591.dir/CMakeCCompilerABI.c.o]
  ignore line: [/usr/bin/arm-none-eabi-gcc   -mcpu=cortex-m33 -mthumb -march=armv8-m.main+fp+dsp -mfloat-abi=softfp -mcmse    -v -o CMakeFiles/cmTC_7f591.dir/CMakeCCompilerABI.c.o -c /usr/share/cmake-3.25/Modules/CMakeCCompilerABI.c]
  ignore line: [Using built-in specs.]
  ignore line: [COLLECT_GCC=/usr/bin/arm-none-eabi-gcc]
  ignore line: [Target: arm-none-eabi]
  ignore line: [Configured with: ../configure --build=aarch64-linux-gnu --prefix=/usr --includedir='/usr/lib/include' --mandir='/usr/lib/share/man' --infodir='/usr/lib/share/info' --sysconfdir=/etc --localstatedir=/var --disable-option-checking --disable-silent-rules --libdir='/usr/lib/lib/aarch64-linux-gnu' --libexecdir='/usr/lib/lib/aarch64-linux-gnu' --disable-maintainer-mode --disable-dependency-tracking --mandir=/usr/share/man --enable-languages=c,c++,lto --enable-multilib --disable-decimal-float --disable-libffi --disable-libgomp --disable-libmudflap --disable-libquadmath --disable-libssp --disable-libstdcxx-pch --disable-nls --disable-shared --disable-threads --enable-tls --build=aarch64-linux-gnu --target=arm-none-eabi --with-system-zlib --with-gnu-as --with-gnu-ld --with-pkgversion=15:12.2.rel1-1 --without-included-gettext --prefix=/usr/lib --infodir=/usr/share/doc/gcc-arm-none-eabi/info --htmldir=/usr/share/doc/gcc-arm-none-eabi/html --pdfdir=/usr/share/doc/gcc-arm-none-eabi/pdf --bindir=/usr/bin --libexecdir=/usr/lib --libdir=/usr/lib --disable-libstdc++-v3 --host=aarch64-linux-gnu --with-headers=no --without-newlib --with-multilib-list=rmprofile,aprofile ASFLAGS= CFLAGS='-g -O2 -ffile-prefix-map=/build/gcc-arm-none-eabi-xyVptX/gcc-arm-none-eabi-12.2.rel1=. -fstack-protector-strong' CPPFLAGS='-Wdate-time -D_FORTIFY_SOURCE=2' CXXFLAGS='-g -O2 -ffile-prefix-map=/build/gcc-arm-none-eabi-xyVptX/gcc-arm-none-eabi-12.2.rel1=. -fstack-protector-strong' DFLAGS=-frelease FCFLAGS='-g -O2 -ffile-prefix-map=/build/gcc-arm-none-eabi-xyVptX/gcc-arm-none-eabi-12.2.rel1=. -fstack-protector-strong' FFLAGS='-g -O2 -ffile-prefix-map=/build/gcc-arm-none-eabi-xyVptX/gcc-arm-none-eabi-12.2.rel1=. -fstack-protector-strong' GCJFLAGS='-g -O2 -ffile-prefix-map=/build/gcc-arm-none-eabi-xyVptX/gcc-arm-none-eabi-12.2.rel1=. -fstack-protector-strong' LDFLAGS=-Wl,-z,relro OBJCFLAGS='-g -O2 -ffile-prefix-map=/build/gcc-arm-none-eabi-xyVptX/gcc-arm-none-eabi-12.2.rel1=. -fstack-protector-strong' OBJCXXFLAGS='-g -O2 -ffile-prefix-map=/build/gcc-arm-none-eabi-xyVptX/gcc-arm-none-eabi-12.2.rel1=. -fstack-protector-strong' INHIBIT_LIBC_CFLAGS=-DUSE_TM_CLONE_REGISTRY=0 AR_FOR_TARGET=arm-none-eabi-ar AS_FOR_TARGET=arm-none-eabi-as LD_FOR_TARGET=arm-none-eabi-ld NM_FOR_TARGET=arm-none-eabi-nm OBJDUMP_FOR_TARGET=arm-none-eabi-objdump RANLIB_FOR_TARGET=arm-none-eabi-ranlib READELF_FOR_TARGET=arm-none-eabi-readelf STRIP_FOR_TARGET=arm-none-eabi-strip SED=/bin/sed SHELL=/bin/sh BASH=/bin/bash CONFIG_SHELL=/bin/bash]
  ignore line: [Thread model: single]
  ignore line: [Supported LTO compression algorithms: zlib]
  ignore line: [gcc version 12.2.1 20221205 (15:12.2.rel1-1) ]
  ignore line: [COLLECT_GCC_OPTIONS='-mcpu=cortex-m33' '-mthumb'  '-mfloat-abi=softfp' '-mcmse' '-v' '-o' 'CMakeFiles/cmTC_7f591.dir/CMakeCCompilerABI.c.o' '-c' '-mlibarch=armv8-m.main+dsp+fp' '-march=armv8-m.main+dsp+fp' '-dumpdir' 'CMakeFiles/cmTC_7f591.dir/']
  ignore line: [ /usr/lib/gcc/arm-none-eabi/12.2.1/cc1 -quiet -v -imultilib thumb/v8-m.main+fp/softfp -D__USES_INITFINI__ /usr/share/cmake-3.25/Modules/CMakeCCompilerABI.c -quiet -dumpdir CMakeFiles/cmTC_7f591.dir/ -dumpbase CMakeCCompilerABI.c.c -dumpbase-ext .c -mcpu=cortex-m33 -mthumb -mfloat-abi=softfp -mcmse -mlibarch=armv8-m.main+dsp+fp -march=armv8-m.main+dsp+fp -version -o /tmp/cclYvLDH.s]
  ignore line: [GNU C17 (15:12.2.rel1-1) version 12.2.1 20221205 (arm-none-eabi)]
  ignore line: [	compiled by GNU C version 12.2.0  GMP version 6.2.1  MPFR version 4.1.0  MPC version 1.2.1  isl version isl-0.25-GMP]
  ignore line: []
  ignore line: [warning: MPFR header version 4.1.0 differs from library version 4.2.0.]
  ignore line: [warning: MPC header version 1.2.1 differs from library version 1.3.1.]
  ignore line: [GGC heuristics: --param ggc-min-expand=100 --param ggc-min-heapsize=131072]
  ignore line: [ignoring nonexistent directory "/usr/lib/gcc/arm-none-eabi/12.2.1/../../../arm-none-eabi/sys-include"]
  ignore line: [#include "..." search starts here:]
  ignore line: [#include <...> search starts here:]
  ignore line: [ /usr/lib/gcc/arm-none-eabi/12.2.1/include]
  ignore line: [ /usr/lib/gcc/arm-none-eabi/12.2.1/include-fixed]
  ignore line: [ /usr/lib/gcc/arm-none-eabi/12.2.1/../../../arm-none-eabi/include]
  ignore line: [End of search list.]
  ignore line: [GNU C17 (15:12.2.rel1-1) version 12.2.1 20221205 (arm-none-eabi)]
  ignore line: [	compiled by GNU C version 12.2.0  GMP version 6.2.1  MPFR version 4.1.0  MPC version 1.2.1  isl version isl-0.25-GMP]
  ignore line: []
  ignore line: [warning: MPFR header version 4.1.0 differs from library version 4.2.0.]
  ignore line: [warning: MPC header version 1.2.1 differs from library version 1.3.1.]
  ignore line: [GGC heuristics: --param ggc-min-expand=100 --param ggc-min-heapsize=131072]
  ignore line: [Compiler executable checksum: 0d4bc53b9015cd6d3564eb5cdff9dcef]
  ignore line: [COLLECT_GCC_OPTIONS='-mcpu=cortex-m33' '-mthumb'  '-mfloat-abi=softfp' '-mcmse' '-v' '-o' 'CMakeFiles/cmTC_7f591.dir/CMakeCCompilerABI.c.o' '-c' '-mlibarch=armv8-m.main+dsp+fp' '-march=armv8-m.main+dsp+fp' '-dumpdir' 'CMakeFiles/cmTC_7f591.dir/']
  ignore line: [ /usr/lib/gcc/arm-none-eabi/12.2.1/../../../arm-none-eabi/bin/as -v -march=armv8-m.main+dsp+fp -mfloat-abi=softfp -meabi=5 -o CMakeFiles/cmTC_7f591.dir/CMakeCCompilerABI.c.o /tmp/cclYvLDH.s]
  ignore line: [GNU assembler version 2.40 (arm-none-eabi) using BFD version (2.40-2+18+b1) 2.40]
  ignore line: [COMPILER_PATH=/usr/lib/gcc/arm-none-eabi/12.2.1/:/usr/lib/gcc/arm-none-eabi/12.2.1/:/usr/lib/gcc/arm-none-eabi/:/usr/lib/gcc/arm-none-eabi/12.2.1/:/usr/lib/gcc/arm-none-eabi/:/usr/lib/gcc/arm-none-eabi/12.2.1/../../../arm-none-eabi/bin/]
  ignore line: [LIBRARY_PATH=/usr/lib/gcc/arm-none-eabi/12.2.1/thumb/v8-m.main+fp/softfp/:/usr/lib/gcc/arm-none-eabi/12.2.1/../../../arm-none-eabi/lib/thumb/v8-m.main+fp/softfp/:/usr/lib/gcc/arm-none-eabi/12.2.1/:/usr/lib/gcc/arm-none-eabi/12.2.1/../../../arm-none-eabi/lib/]
  ignore line: [COLLECT_GCC_OPTIONS='-mcpu=cortex-m33' '-mthumb'  '-mfloat-abi=softfp' '-mcmse' '-v' '-o' 'CMakeFiles/cmTC_7f591.dir/CMakeCCompilerABI.c.o' '-c' '-mlibarch=armv8-m.main+dsp+fp' '-march=armv8-m.main+dsp+fp' '-dumpdir' 'CMakeFiles/cmTC_7f591.dir/CMakeCCompilerABI.c.']
  ignore line: [Linking C executable cmTC_7f591.elf]
  ignore line: [/usr/bin/cmake -E cmake_link_script CMakeFiles/cmTC_7f591.dir/link.txt --verbose=1]
  ignore line: [/usr/bin/arm-none-eabi-gcc -mcpu=cortex-m33 -mthumb -march=armv8-m.main+fp+dsp -mfloat-abi=softfp -mcmse  -Wl --build-id=none -nostdlib  -v CMakeFiles/cmTC_7f591.dir/CMakeCCompilerABI.c.o -o cmTC_7f591.elf ]
  ignore line: [Using built-in specs.]
  ignore line: [COLLECT_GCC=/usr/bin/arm-none-eabi-gcc]
  ignore line: [COLLECT_LTO_WRAPPER=/usr/lib/gcc/arm-none-eabi/12.2.1/lto-wrapper]
  ignore line: [Target: arm-none-eabi]
  ignore line: [Configured with: ../configure --build=aarch64-linux-gnu --prefix=/usr --includedir='/usr/lib/include' --mandir='/usr/lib/share/man' --infodir='/usr/lib/share/info' --sysconfdir=/etc --localstatedir=/var --disable-option-checking --disable-silent-rules --libdir='/usr/lib/lib/aarch64-linux-gnu' --libexecdir='/usr/lib/lib/aarch64-linux-gnu' --disable-maintainer-mode --disable-dependency-tracking --mandir=/usr/share/man --enable-languages=c,c++,lto --enable-multilib --disable-decimal-float --disable-libffi --disable-libgomp --disable-libmudflap --disable-libquadmath --disable-libssp --disable-libstdcxx-pch --disable-nls --disable-shared --disable-threads --enable-tls --build=aarch64-linux-gnu --target=arm-none-eabi --with-system-zlib --with-gnu-as --with-gnu-ld --with-pkgversion=15:12.2.rel1-1 --without-included-gettext --prefix=/usr/lib --infodir=/usr/share/doc/gcc-arm-none-eabi/info --htmldir=/usr/share/doc/gcc-arm-none-eabi/html --pdfdir=/usr/share/doc/gcc-arm-none-eabi/pdf --bindir=/usr/bin --libexecdir=/usr/lib --libdir=/usr/lib --disable-libstdc++-v3 --host=aarch64-linux-gnu --with-headers=no --without-newlib --with-multilib-list=rmprofile,aprofile ASFLAGS= CFLAGS='-g -O2 -ffile-prefix-map=/build/gcc-arm-none-eabi-xyVptX/gcc-arm-none-eabi-12.2.rel1=. -fstack-protector-strong' CPPFLAGS='-Wdate-time -D_FORTIFY_SOURCE=2' CXXFLAGS='-g -O2 -ffile-prefix-map=/build/gcc-arm-none-eabi-xyVptX/gcc-arm-none-eabi-12.2.rel1=. -fstack-protector-strong' DFLAGS=-frelease FCFLAGS='-g -O2 -ffile-prefix-map=/build/gcc-arm-none-eabi-xyVptX/gcc-arm-none-eabi-12.2.rel1=. -fstack-protector-strong' FFLAGS='-g -O2 -ffile-prefix-map=/build/gcc-arm-none-eabi-xyVptX/gcc-arm-none-eabi-12.2.rel1=. -fstack-protector-strong' GCJFLAGS='-g -O2 -ffile-prefix-map=/build/gcc-arm-none-eabi-xyVptX/gcc-arm-none-eabi-12.2.rel1=. -fstack-protector-strong' LDFLAGS=-Wl,-z,relro OBJCFLAGS='-g -O2 -ffile-prefix-map=/build/gcc-arm-none-eabi-xyVptX/gcc-arm-none-eabi-12.2.rel1=. -fstack-protector-strong' OBJCXXFLAGS='-g -O2 -ffile-prefix-map=/build/gcc-arm-none-eabi-xyVptX/gcc-arm-none-eabi-12.2.rel1=. -fstack-protector-strong' INHIBIT_LIBC_CFLAGS=-DUSE_TM_CLONE_REGISTRY=0 AR_FOR_TARGET=arm-none-eabi-ar AS_FOR_TARGET=arm-none-eabi-as LD_FOR_TARGET=arm-none-eabi-ld NM_FOR_TARGET=arm-none-eabi-nm OBJDUMP_FOR_TARGET=arm-none-eabi-objdump RANLIB_FOR_TARGET=arm-none-eabi-ranlib READELF_FOR_TARGET=arm-none-eabi-readelf STRIP_FOR_TARGET=arm-none-eabi-strip SED=/bin/sed SHELL=/bin/sh BASH=/bin/bash CONFIG_SHELL=/bin/bash]
  ignore line: [Thread model: single]
  ignore line: [Supported LTO compression algorithms: zlib]
  ignore line: [gcc version 12.2.1 20221205 (15:12.2.rel1-1) ]
  ignore line: [COMPILER_PATH=/usr/lib/gcc/arm-none-eabi/12.2.1/:/usr/lib/gcc/arm-none-eabi/12.2.1/:/usr/lib/gcc/arm-none-eabi/:/usr/lib/gcc/arm-none-eabi/12.2.1/:/usr/lib/gcc/arm-none-eabi/:/usr/lib/gcc/arm-none-eabi/12.2.1/../../../arm-none-eabi/bin/]
  ignore line: [LIBRARY_PATH=/usr/lib/gcc/arm-none-eabi/12.2.1/thumb/v8-m.main+fp/softfp/:/usr/lib/gcc/arm-none-eabi/12.2.1/../../../arm-none-eabi/lib/thumb/v8-m.main+fp/softfp/:/usr/lib/gcc/arm-none-eabi/12.2.1/:/usr/lib/gcc/arm-none-eabi/12.2.1/../../../arm-none-eabi/lib/]
  ignore line: [COLLECT_GCC_OPTIONS='-mcpu=cortex-m33' '-mthumb'  '-mfloat-abi=softfp' '-mcmse' '-nostdlib' '-v' '-o' 'cmTC_7f591.elf' '-mlibarch=armv8-m.main+dsp+fp' '-march=armv8-m.main+dsp+fp' '-dumpdir' 'cmTC_7f591.elf.']
  link line: [ /usr/lib/gcc/arm-none-eabi/12.2.1/collect2 -plugin /usr/lib/gcc/arm-none-eabi/12.2.1/liblto_plugin.so -plugin-opt=/usr/lib/gcc/arm-none-eabi/12.2.1/lto-wrapper -plugin-opt=-fresolution=/tmp/ccyWttwS.res -X -o cmTC_7f591.elf -L/usr/lib/gcc/arm-none-eabi/12.2.1/thumb/v8-m.main+fp/softfp -L/usr/lib/gcc/arm-none-eabi/12.2.1/../../../arm-none-eabi/lib/thumb/v8-m.main+fp/softfp -L/usr/lib/gcc/arm-none-eabi/12.2.1 -L/usr/lib/gcc/arm-none-eabi/12.2.1/../../../arm-none-eabi/lib --build-id=none CMakeFiles/cmTC_7f591.dir/CMakeCCompilerABI.c.o]
    arg [/usr/lib/gcc/arm-none-eabi/12.2.1/collect2] ==> ignore
    arg [-plugin] ==> ignore
    arg [/usr/lib/gcc/arm-none-eabi/12.2.1/liblto_plugin.so] ==> ignore
    arg [-plugin-opt=/usr/lib/gcc/arm-none-eabi/12.2.1/lto-wrapper] ==> ignore
    arg [-plugin-opt=-fresolution=/tmp/ccyWttwS.res] ==> ignore
    arg [-X] ==> ignore
    arg [-o] ==> ignore
    arg [cmTC_7f591.elf] ==> ignore
    arg [-L/usr/lib/gcc/arm-none-eabi/12.2.1/thumb/v8-m.main+fp/softfp] ==> dir [/usr/lib/gcc/arm-none-eabi/12.2.1/thumb/v8-m.main+fp/softfp]
    arg [-L/usr/lib/gcc/arm-none-eabi/12.2.1/../../../arm-none-eabi/lib/thumb/v8-m.main+fp/softfp] ==> dir [/usr/lib/gcc/arm-none-eabi/12.2.1/../../../arm-none-eabi/lib/thumb/v8-m.main+fp/softfp]
    arg [-L/usr/lib/gcc/arm-none-eabi/12.2.1] ==> dir [/usr/lib/gcc/arm-none-eabi/12.2.1]
    arg [-L/usr/lib/gcc/arm-none-eabi/12.2.1/../../../arm-none-eabi/lib] ==> dir [/usr/lib/gcc/arm-none-eabi/12.2.1/../../../arm-none-eabi/lib]
    arg [--build-id=none] ==> ignore
    arg [CMakeFiles/cmTC_7f591.dir/CMakeCCompilerABI.c.o] ==> ignore
  collapse library dir [/usr/lib/gcc/arm-none-eabi/12.2.1/thumb/v8-m.main+fp/softfp] ==> [/usr/lib/gcc/arm-none-eabi/12.2.1/thumb/v8-m.main+fp/softfp]
  collapse library dir [/usr/lib/gcc/arm-none-eabi/12.2.1/../../../arm-none-eabi/lib/thumb/v8-m.main+fp/softfp] ==> [/usr/lib/arm-none-eabi/lib/thumb/v8-m.main+fp/softfp]
  collapse library dir [/usr/lib/gcc/arm-none-eabi/12.2.1] ==> [/usr/lib/gcc/arm-none-eabi/12.2.1]
  collapse library dir [/usr/lib/gcc/arm-none-eabi/12.2.1/../../../arm-none-eabi/lib] ==> [/usr/lib/arm-none-eabi/lib]
  implicit libs: []
  implicit objs: []
  implicit dirs: [/usr/lib/gcc/arm-none-eabi/12.2.1/thumb/v8-m.main+fp/softfp;/usr/lib/arm-none-eabi/lib/thumb/v8-m.main+fp/softfp;/usr/lib/gcc/arm-none-eabi/12.2.1;/usr/lib/arm-none-eabi/lib]
  implicit fwks: []


Detecting CXX compiler ABI info compiled with the following output:
Change Dir: /home/Phillip/Pico/cpp/build/CMakeFiles/CMakeScratch/TryCompile-rtVYnb

Run Build Command(s):/usr/bin/gmake -f Makefile cmTC_45d18/fast && /usr/bin/gmake  -f CMakeFiles/cmTC_45d18.dir/build.make CMakeFiles/cmTC_45d18.dir/build
gmake[1]: Entering directory '/home/Phillip/Pico/cpp/build/CMakeFiles/CMakeScratch/TryCompile-rtVYnb'
Building CXX object CMakeFiles/cmTC_45d18.dir/CMakeCXXCompilerABI.cpp.o
/usr/bin/arm-none-eabi-g++   -mcpu=cortex-m33 -mthumb -march=armv8-m.main+fp+dsp -mfloat-abi=softfp -mcmse    -v -o CMakeFiles/cmTC_45d18.dir/CMakeCXXCompilerABI.cpp.o -c /usr/share/cmake-3.25/Modules/CMakeCXXCompilerABI.cpp
Using built-in specs.
COLLECT_GCC=/usr/bin/arm-none-eabi-g++
Target: arm-none-eabi
Configured with: ../configure --build=aarch64-linux-gnu --prefix=/usr --includedir='/usr/lib/include' --mandir='/usr/lib/share/man' --infodir='/usr/lib/share/info' --sysconfdir=/etc --localstatedir=/var --disable-option-checking --disable-silent-rules --libdir='/usr/lib/lib/aarch64-linux-gnu' --libexecdir='/usr/lib/lib/aarch64-linux-gnu' --disable-maintainer-mode --disable-dependency-tracking --mandir=/usr/share/man --enable-languages=c,c++,lto --enable-multilib --disable-decimal-float --disable-libffi --disable-libgomp --disable-libmudflap --disable-libquadmath --disable-libssp --disable-libstdcxx-pch --disable-nls --disable-shared --disable-threads --enable-tls --build=aarch64-linux-gnu --target=arm-none-eabi --with-system-zlib --with-gnu-as --with-gnu-ld --with-pkgversion=15:12.2.rel1-1 --without-included-gettext --prefix=/usr/lib --infodir=/usr/share/doc/gcc-arm-none-eabi/info --htmldir=/usr/share/doc/gcc-arm-none-eabi/html --pdfdir=/usr/share/doc/gcc-arm-none-eabi/pdf --bindir=/usr/bin --libexecdir=/usr/lib --libdir=/usr/lib --disable-libstdc++-v3 --host=aarch64-linux-gnu --with-headers=no --without-newlib --with-multilib-list=rmprofile,aprofile ASFLAGS= CFLAGS='-g -O2 -ffile-prefix-map=/build/gcc-arm-none-eabi-xyVptX/gcc-arm-none-eabi-12.2.rel1=. -fstack-protector-strong' CPPFLAGS='-Wdate-time -D_FORTIFY_SOURCE=2' CXXFLAGS='-g -O2 -ffile-prefix-map=/build/gcc-arm-none-eabi-xyVptX/gcc-arm-none-eabi-12.2.rel1=. -fstack-protector-strong' DFLAGS=-frelease FCFLAGS='-g -O2 -ffile-prefix-map=/build/gcc-arm-none-eabi-xyVptX/gcc-arm-none-eabi-12.2.rel1=. -fstack-protector-strong' FFLAGS='-g -O2 -ffile-prefix-map=/build/gcc-arm-none-eabi-xyVptX/gcc-arm-none-eabi-12.2.rel1=. -fstack-protector-strong' GCJFLAGS='-g -O2 -ffile-prefix-map=/build/gcc-arm-none-eabi-xyVptX/gcc-arm-none-eabi-12.2.rel1=. -fstack-protector-strong' LDFLAGS=-Wl,-z,relro OBJCFLAGS='-g -O2 -ffile-prefix-map=/build/gcc-arm-none-eabi-xyVptX/gcc-arm-none-eabi-12.2.rel1=. -fstack-protector-strong' OBJCXXFLAGS='-g -O2 -ffile-prefix-map=/build/gcc-arm-none-eabi-xyVptX/gcc-arm-none-eabi-12.2.rel1=. -fstack-protector-strong' INHIBIT_LIBC_CFLAGS=-DUSE_TM_CLONE_REGISTRY=0 AR_FOR_TARGET=arm-none-eabi-ar AS_FOR_TARGET=arm-none-eabi-as LD_FOR_TARGET=arm-none-eabi-ld NM_FOR_TARGET=arm-none-eabi-nm OBJDUMP_FOR_TARGET=arm-none-eabi-objdump RANLIB_FOR_TARGET=arm-none-eabi-ranlib READELF_FOR_TARGET=arm-none-eabi-readelf STRIP_FOR_TARGET=arm-none-eabi-strip SED=/bin/sed SHELL=/bin/sh BASH=/bin/bash CONFIG_SHELL=/bin/bash
Thread model: single
Supported LTO compression algorithms: zlib
gcc version 12.2.1 20221205 (15:12.2.rel1-1) 
COLLECT_GCC_OPTIONS='-mcpu=cortex-m33' '-mthumb'  '-mfloat-abi=softfp' '-mcmse' '-v' '-o' 'CMakeFiles/cmTC_45d18.dir/CMakeCXXCompilerABI.cpp.o' '-c' '-mlibarch=armv8-m.main+dsp+fp' '-march=armv8-m.main+dsp+fp' '-dumpdir' 'CMakeFiles/cmTC_45d18.dir/'
 /usr/lib/gcc/arm-none-eabi/12.2.1/cc1plus -quiet -v -imultilib thumb/v8-m.main+fp/softfp -D__USES_INITFINI__ /usr/share/cmake-3.25/Modules/CMakeCXXCompilerABI.cpp -quiet -dumpdir CMakeFiles/cmTC_45d18.dir/ -dumpbase CMakeCXXCompilerABI.cpp.cpp -dumpbase-ext .cpp -mcpu=cortex-m33 -mthumb -mfloat-abi=softfp -mcmse -mlibarch=armv8-m.main+dsp+fp -march=armv8-m.main+dsp+fp -version -o /tmp/ccaT0dno.s
GNU C++17 (15:12.2.rel1-1) version 12.2.1 20221205 (arm-none-eabi)
	compiled by GNU C version 12.2.0, GMP version 6.2.1, MPFR version 4.1.0, MPC version 1.2.1, isl version isl-0.25-GMP

warning: MPFR header version 4.1.0 differs from library version 4.2.0.
warning: MPC header version 1.2.1 differs from library version 1.3.1.
GGC heuristics: --param ggc-min-expand=100 --param ggc-min-heapsize=131072
ignoring nonexistent directory "/usr/lib/gcc/arm-none-eabi/12.2.1/../../../arm-none-eabi/sys-include"
#include "..." search starts here:
#include <...> search starts here:
 /usr/lib/gcc/arm-none-eabi/12.2.1/../../../arm-none-eabi/include/c++/12.2.1
 /usr/lib/gcc/arm-none-eabi/12.2.1/../../../arm-none-eabi/include/c++/12.2.1/arm-none-eabi/thumb/v8-m.main+fp/softfp
 /usr/lib/gcc/arm-none-eabi/12.2.1/../../../arm-none-eabi/include/c++/12.2.1/backward
 /usr/lib/gcc/arm-none-eabi/12.2.1/include
 /usr/lib/gcc/arm-none-eabi/12.2.1/include-fixed
 /usr/lib/gcc/arm-none-eabi/12.2.1/../../../arm-none-eabi/include
End of search list.
GNU C++17 (15:12.2.rel1-1) version 12.2.1 20221205 (arm-none-eabi)
	compiled by GNU C version 12.2.0, GMP version 6.2.1, MPFR version 4.1.0, MPC version 1.2.1, isl version isl-0.25-GMP

warning: MPFR header version 4.1.0 differs from library version 4.2.0.
warning: MPC header version 1.2.1 differs from library version 1.3.1.
GGC heuristics: --param ggc-min-expand=100 --param ggc-min-heapsize=131072
Compiler executable checksum: f1794f2cb31a99c4877e8a485721f724
COLLECT_GCC_OPTIONS='-mcpu=cortex-m33' '-mthumb'  '-mfloat-abi=softfp' '-mcmse' '-v' '-o' 'CMakeFiles/cmTC_45d18.dir/CMakeCXXCompilerABI.cpp.o' '-c' '-mlibarch=armv8-m.main+dsp+fp' '-march=armv8-m.main+dsp+fp' '-dumpdir' 'CMakeFiles/cmTC_45d18.dir/'
 /usr/lib/gcc/arm-none-eabi/12.2.1/../../../arm-none-eabi/bin/as -v -march=armv8-m.main+dsp+fp -mfloat-abi=softfp -meabi=5 -o CMakeFiles/cmTC_45d18.dir/CMakeCXXCompilerABI.cpp.o /tmp/ccaT0dno.s
GNU assembler version 2.40 (arm-none-eabi) using BFD version (2.40-2+18+b1) 2.40
COMPILER_PATH=/usr/lib/gcc/arm-none-eabi/12.2.1/:/usr/lib/gcc/arm-none-eabi/12.2.1/:/usr/lib/gcc/arm-none-eabi/:/usr/lib/gcc/arm-none-eabi/12.2.1/:/usr/lib/gcc/arm-none-eabi/:/usr/lib/gcc/arm-none-eabi/12.2.1/../../../arm-none-eabi/bin/
LIBRARY_PATH=/usr/lib/gcc/arm-none-eabi/12.2.1/thumb/v8-m.main+fp/softfp/:/usr/lib/gcc/arm-none-eabi/12.2.1/../../../arm-none-eabi/lib/thumb/v8-m.main+fp/softfp/:/usr/lib/gcc/arm-none-eabi/12.2.1/:/usr/lib/gcc/arm-none-eabi/12.2.1/../../../arm-none-eabi/lib/
COLLECT_GCC_OPTIONS='-mcpu=cortex-m33' '-mthumb'  '-mfloat-abi=softfp' '-mcmse' '-v' '-o' 'CMakeFiles/cmTC_45d18.dir/CMakeCXXCompilerABI.cpp.o' '-c' '-mlibarch=armv8-m.main+dsp+fp' '-march=armv8-m.main+dsp+fp' '-dumpdir' 'CMakeFiles/cmTC_45d18.dir/CMakeCXXCompilerABI.cpp.'
Linking CXX executable cmTC_45d18.elf
/usr/bin/cmake -E cmake_link_script CMakeFiles/cmTC_45d18.dir/link.txt --verbose=1
/usr/bin/arm-none-eabi-g++ -mcpu=cortex-m33 -mthumb -march=armv8-m.main+fp+dsp -mfloat-abi=softfp -mcmse  -Wl,--build-id=none -nostdlib  -v CMakeFiles/cmTC_45d18.dir/CMakeCXXCompilerABI.cpp.o -o cmTC_45d18.elf 
Using built-in specs.
COLLECT_GCC=/usr/bin/arm-none-eabi-g++
COLLECT_LTO_WRAPPER=/usr/lib/gcc/arm-none-eabi/12.2.1/lto-wrapper
Target: arm-none-eabi
Configured with: ../configure --build=aarch64-linux-gnu --prefix=/usr --includedir='/usr/lib/include' --mandir='/usr/lib/share/man' --infodir='/usr/lib/share/info' --sysconfdir=/etc --localstatedir=/var --disable-option-checking --disable-silent-rules --libdir='/usr/lib/lib/aarch64-linux-gnu' --libexecdir='/usr/lib/lib/aarch64-linux-gnu' --disable-maintainer-mode --disable-dependency-tracking --mandir=/usr/share/man --enable-languages=c,c++,lto --enable-multilib --disable-decimal-float --disable-libffi --disable-libgomp --disable-libmudflap --disable-libquadmath --disable-libssp --disable-libstdcxx-pch --disable-nls --disable-shared --disable-threads --enable-tls --build=aarch64-linux-gnu --target=arm-none-eabi --with-system-zlib --with-gnu-as --with-gnu-ld --with-pkgversion=15:12.2.rel1-1 --without-included-gettext --prefix=/usr/lib --infodir=/usr/share/doc/gcc-arm-none-eabi/info --htmldir=/usr/share/doc/gcc-arm-none-eabi/html --pdfdir=/usr/share/doc/gcc-arm-none-eabi/pdf --bindir=/usr/bin --libexecdir=/usr/lib --libdir=/usr/lib --disable-libstdc++-v3 --host=aarch64-linux-gnu --with-headers=no --without-newlib --with-multilib-list=rmprofile,aprofile ASFLAGS= CFLAGS='-g -O2 -ffile-prefix-map=/build/gcc-arm-none-eabi-xyVptX/gcc-arm-none-eabi-12.2.rel1=. -fstack-protector-strong' CPPFLAGS='-Wdate-time -D_FORTIFY_SOURCE=2' CXXFLAGS='-g -O2 -ffile-prefix-map=/build/gcc-arm-none-eabi-xyVptX/gcc-arm-none-eabi-12.2.rel1=. -fstack-protector-strong' DFLAGS=-frelease FCFLAGS='-g -O2 -ffile-prefix-map=/build/gcc-arm-none-eabi-xyVptX/gcc-arm-none-eabi-12.2.rel1=. -fstack-protector-strong' FFLAGS='-g -O2 -ffile-prefix-map=/build/gcc-arm-none-eabi-xyVptX/gcc-arm-none-eabi-12.2.rel1=. -fstack-protector-strong' GCJFLAGS='-g -O2 -ffile-prefix-map=/build/gcc-arm-none-eabi-xyVptX/gcc-arm-none-eabi-12.2.rel1=. -fstack-protector-strong' LDFLAGS=-Wl,-z,relro OBJCFLAGS='-g -O2 -ffile-prefix-map=/build/gcc-arm-none-eabi-xyVptX/gcc-arm-none-eabi-12.2.rel1=. -fstack-protector-strong' OBJCXXFLAGS='-g -O2 -ffile-prefix-map=/build/gcc-arm-none-eabi-xyVptX/gcc-arm-none-eabi-12.2.rel1=. -fstack-protector-strong' INHIBIT_LIBC_CFLAGS=-DUSE_TM_CLONE_REGISTRY=0 AR_FOR_TARGET=arm-none-eabi-ar AS_FOR_TARGET=arm-none-eabi-as LD_FOR_TARGET=arm-none-eabi-ld NM_FOR_TARGET=arm-none-eabi-nm OBJDUMP_FOR_TARGET=arm-none-eabi-objdump RANLIB_FOR_TARGET=arm-none-eabi-ranlib READELF_FOR_TARGET=arm-none-eabi-readelf STRIP_FOR_TARGET=arm-none-eabi-strip SED=/bin/sed SHELL=/bin/sh BASH=/bin/bash CONFIG_SHELL=/bin/bash
Thread model: single
Supported LTO compression algorithms: zlib
gcc version 12.2.1 20221205 (15:12.2.rel1-1) 
COMPILER_PATH=/usr/lib/gcc/arm-none-eabi/12.2.1/:/usr/lib/gcc/arm-none-eabi/12.2.1/:/usr/lib/gcc/arm-none-eabi/:/usr/lib/gcc/arm-none-eabi/12.2.1/:/usr/lib/gcc/arm-none-eabi/:/usr/lib/gcc/arm-none-eabi/12.2.1/../../../arm-none-eabi/bin/
LIBRARY_PATH=/usr/lib/gcc/arm-none-eabi/12.2.1/thumb/v8-m.main+fp/softfp/:/usr/lib/gcc/arm-none-eabi/12.2.1/../../../arm-none-eabi/lib/thumb/v8-m.main+fp/softfp/:/usr/lib/gcc/arm-none-eabi/12.2.1/:/usr/lib/gcc/arm-none-eabi/12.2.1/../../../arm-none-eabi/lib/
COLLECT_GCC_OPTIONS='-mcpu=cortex-m33' '-mthumb'  '-mfloat-abi=softfp' '-mcmse' '-nostdlib' '-v' '-o' 'cmTC_45d18.elf' '-mlibarch=armv8-m.main+dsp+fp' '-march=armv8-m.main+dsp+fp' '-dumpdir' 'cmTC_45d18.elf.'
 /usr/lib/gcc/arm-none-eabi/12.2.1/collect2 -plugin /usr/lib/gcc/arm-none-eabi/12.2.1/liblto_plugin.so -plugin-opt=/usr/lib/gcc/arm-none-eabi/12.2.1/lto-wrapper -plugin-opt=-fresolution=/tmp/ccYSUBuV.res -X -o cmTC_45d18.elf -L/usr/lib/gcc/arm-none-eabi/12.2.1/thumb/v8-m.main+fp/softfp -L/usr/lib/gcc/arm-none-eabi/12.2.1/../../../arm-none-eabi/lib/thumb/v8-m.main+fp/softfp -L/usr/lib/gcc/arm-none-eabi/12.2.1 -L/usr/lib/gcc/arm-none-eabi/12.2.1/../../../arm-none-eabi/lib --build-id=none CMakeFiles/cmTC_45d18.dir/CMakeCXXCompilerABI.cpp.o
/usr/lib/gcc/arm-none-eabi/12.2.1/../../../arm-none-eabi/bin/ld: warning: cannot find entry symbol _start; defaulting to 00008000
COLLECT_GCC_OPTIONS='-mcpu=cortex-m33' '-mthumb'  '-mfloat-abi=softfp' '-mcmse' '-nostdlib' '-v' '-o' 'cmTC_45d18.elf' '-mlibarch=armv8-m.main+dsp+fp' '-march=armv8-m.main+dsp+fp' '-dumpdir' 'cmTC_45d18.elf.'
gmake[1]: Leaving directory '/home/Phillip/Pico/cpp/build/CMakeFiles/CMakeScratch/TryCompile-rtVYnb'



Parsed CXX implicit include dir info from above output: rv=done
  found start of include info
  found start of implicit include info
    add: [/usr/lib/gcc/arm-none-eabi/12.2.1/../../../arm-none-eabi/include/c++/12.2.1]
    add: [/usr/lib/gcc/arm-none-eabi/12.2.1/../../../arm-none-eabi/include/c++/12.2.1/arm-none-eabi/thumb/v8-m.main+fp/softfp]
    add: [/usr/lib/gcc/arm-none-eabi/12.2.1/../../../arm-none-eabi/include/c++/12.2.1/backward]
    add: [/usr/lib/gcc/arm-none-eabi/12.2.1/include]
    add: [/usr/lib/gcc/arm-none-eabi/12.2.1/include-fixed]
    add: [/usr/lib/gcc/arm-none-eabi/12.2.1/../../../arm-none-eabi/include]
  end of search list found
  collapse include dir [/usr/lib/gcc/arm-none-eabi/12.2.1/../../../arm-none-eabi/include/c++/12.2.1] ==> [/usr/lib/arm-none-eabi/include/c++/12.2.1]
  collapse include dir [/usr/lib/gcc/arm-none-eabi/12.2.1/../../../arm-none-eabi/include/c++/12.2.1/arm-none-eabi/thumb/v8-m.main+fp/softfp] ==> [/usr/lib/arm-none-eabi/include/c++/12.2.1/arm-none-eabi/thumb/v8-m.main+fp/softfp]
  collapse include dir [/usr/lib/gcc/arm-none-eabi/12.2.1/../../../arm-none-eabi/include/c++/12.2.1/backward] ==> [/usr/lib/arm-none-eabi/include/c++/12.2.1/backward]
  collapse include dir [/usr/lib/gcc/arm-none-eabi/12.2.1/include] ==> [/usr/lib/gcc/arm-none-eabi/12.2.1/include]
  collapse include dir [/usr/lib/gcc/arm-none-eabi/12.2.1/include-fixed] ==> [/usr/lib/gcc/arm-none-eabi/12.2.1/include-fixed]
  collapse include dir [/usr/lib/gcc/arm-none-eabi/12.2.1/../../../arm-none-eabi/include] ==> [/usr/lib/arm-none-eabi/include]
  implicit include dirs: [/usr/lib/arm-none-eabi/include/c++/12.2.1;/usr/lib/arm-none-eabi/include/c++/12.2.1/arm-none-eabi/thumb/v8-m.main+fp/softfp;/usr/lib/arm-none-eabi/include/c++/12.2.1/backward;/usr/lib/gcc/arm-none-eabi/12.2.1/include;/usr/lib/gcc/arm-none-eabi/12.2.1/include-fixed;/usr/lib/arm-none-eabi/include]


Parsed CXX implicit link information from above output:
  link line regex: [^( *|.*[/\])(arm-none-eabi-ld|CMAKE_LINK_STARTFILE-NOTFOUND|([^/\]+-)?ld|collect2)[^/\]*( |$)]
  ignore line: [Change Dir: /home/Phillip/Pico/cpp/build/CMakeFiles/CMakeScratch/TryCompile-rtVYnb]
  ignore line: []
  ignore line: [Run Build Command(s):/usr/bin/gmake -f Makefile cmTC_45d18/fast && /usr/bin/gmake  -f CMakeFiles/cmTC_45d18.dir/build.make CMakeFiles/cmTC_45d18.dir/build]
  ignore line: [gmake[1]: Entering directory '/home/Phillip/Pico/cpp/build/CMakeFiles/CMakeScratch/TryCompile-rtVYnb']
  ignore line: [Building CXX object CMakeFiles/cmTC_45d18.dir/CMakeCXXCompilerABI.cpp.o]
  ignore line: [/usr/bin/arm-none-eabi-g++   -mcpu=cortex-m33 -mthumb -march=armv8-m.main+fp+dsp -mfloat-abi=softfp -mcmse    -v -o CMakeFiles/cmTC_45d18.dir/CMakeCXXCompilerABI.cpp.o -c /usr/share/cmake-3.25/Modules/CMakeCXXCompilerABI.cpp]
  ignore line: [Using built-in specs.]
  ignore line: [COLLECT_GCC=/usr/bin/arm-none-eabi-g++]
  ignore line: [Target: arm-none-eabi]
  ignore line: [Configured with: ../configure --build=aarch64-linux-gnu --prefix=/usr --includedir='/usr/lib/include' --mandir='/usr/lib/share/man' --infodir='/usr/lib/share/info' --sysconfdir=/etc --localstatedir=/var --disable-option-checking --disable-silent-rules --libdir='/usr/lib/lib/aarch64-linux-gnu' --libexecdir='/usr/lib/lib/aarch64-linux-gnu' --disable-maintainer-mode --disable-dependency-tracking --mandir=/usr/share/man --enable-languages=c,c++,lto --enable-multilib --disable-decimal-float --disable-libffi --disable-libgomp --disable-libmudflap --disable-libquadmath --disable-libssp --disable-libstdcxx-pch --disable-nls --disable-shared --disable-threads --enable-tls --build=aarch64-linux-gnu --target=arm-none-eabi --with-system-zlib --with-gnu-as --with-gnu-ld --with-pkgversion=15:12.2.rel1-1 --without-included-gettext --prefix=/usr/lib --infodir=/usr/share/doc/gcc-arm-none-eabi/info --htmldir=/usr/share/doc/gcc-arm-none-eabi/html --pdfdir=/usr/share/doc/gcc-arm-none-eabi/pdf --bindir=/usr/bin --libexecdir=/usr/lib --libdir=/usr/lib --disable-libstdc++-v3 --host=aarch64-linux-gnu --with-headers=no --without-newlib --with-multilib-list=rmprofile,aprofile ASFLAGS= CFLAGS='-g -O2 -ffile-prefix-map=/build/gcc-arm-none-eabi-xyVptX/gcc-arm-none-eabi-12.2.rel1=. -fstack-protector-strong' CPPFLAGS='-Wdate-time -D_FORTIFY_SOURCE=2' CXXFLAGS='-g -O2 -ffile-prefix-map=/build/gcc-arm-none-eabi-xyVptX/gcc-arm-none-eabi-12.2.rel1=. -fstack-protector-strong' DFLAGS=-frelease FCFLAGS='-g -O2 -ffile-prefix-map=/build/gcc-arm-none-eabi-xyVptX/gcc-arm-none-eabi-12.2.rel1=. -fstack-protector-strong' FFLAGS='-g -O2 -ffile-prefix-map=/build/gcc-arm-none-eabi-xyVptX/gcc-arm-none-eabi-12.2.rel1=. -fstack-protector-strong' GCJFLAGS='-g -O2 -ffile-prefix-map=/build/gcc-arm-none-eabi-xyVptX/gcc-arm-none-eabi-12.2.rel1=. -fstack-protector-strong' LDFLAGS=-Wl,-z,relro OBJCFLAGS='-g -O2 -ffile-prefix-map=/build/gcc-arm-none-eabi-xyVptX/gcc-arm-none-eabi-12.2.rel1=. -fstack-protector-strong' OBJCXXFLAGS='-g -O2 -ffile-prefix-map=/build/gcc-arm-none-eabi-xyVptX/gcc-arm-none-eabi-12.2.rel1=. -fstack-protector-strong' INHIBIT_LIBC_CFLAGS=-DUSE_TM_CLONE_REGISTRY=0 AR_FOR_TARGET=arm-none-eabi-ar AS_FOR_TARGET=arm-none-eabi-as LD_FOR_TARGET=arm-none-eabi-ld NM_FOR_TARGET=arm-none-eabi-nm OBJDUMP_FOR_TARGET=arm-none-eabi-objdump RANLIB_FOR_TARGET=arm-none-eabi-ranlib READELF_FOR_TARGET=arm-none-eabi-readelf STRIP_FOR_TARGET=arm-none-eabi-strip SED=/bin/sed SHELL=/bin/sh BASH=/bin/bash CONFIG_SHELL=/bin/bash]
  ignore line: [Thread model: single]
  ignore line: [Supported LTO compression algorithms: zlib]
  ignore line: [gcc version 12.2.1 20221205 (15:12.2.rel1-1) ]
  ignore line: [COLLECT_GCC_OPTIONS='-mcpu=cortex-m33' '-mthumb'  '-mfloat-abi=softfp' '-mcmse' '-v' '-o' 'CMakeFiles/cmTC_45d18.dir/CMakeCXXCompilerABI.cpp.o' '-c' '-mlibarch=armv8-m.main+dsp+fp' '-march=armv8-m.main+dsp+fp' '-dumpdir' 'CMakeFiles/cmTC_45d18.dir/']
  ignore line: [ /usr/lib/gcc/arm-none-eabi/12.2.1/cc1plus -quiet -v -imultilib thumb/v8-m.main+fp/softfp -D__USES_INITFINI__ /usr/share/cmake-3.25/Modules/CMakeCXXCompilerABI.cpp -quiet -dumpdir CMakeFiles/cmTC_45d18.dir/ -dumpbase CMakeCXXCompilerABI.cpp.cpp -dumpbase-ext .cpp -mcpu=cortex-m33 -mthumb -mfloat-abi=softfp -mcmse -mlibarch=armv8-m.main+dsp+fp -march=armv8-m.main+dsp+fp -version -o /tmp/ccaT0dno.s]
  ignore line: [GNU C++17 (15:12.2.rel1-1) version 12.2.1 20221205 (arm-none-eabi)]
  ignore line: [	compiled by GNU C version 12.2.0  GMP version 6.2.1  MPFR version 4.1.0  MPC version 1.2.1  isl version isl-0.25-GMP]
  ignore line: []
  ignore line: [warning: MPFR header version 4.1.0 differs from library version 4.2.0.]
  ignore line: [warning: MPC header version 1.2.1 differs from library version 1.3.1.]
  ignore line: [GGC heuristics: --param ggc-min-expand=100 --param ggc-min-heapsize=131072]
  ignore line: [ignoring nonexistent directory "/usr/lib/gcc/arm-none-eabi/12.2.1/../../../arm-none-eabi/sys-include"]
  ignore line: [#include "..." search starts here:]
  ignore line: [#include <...> search starts here:]
  ignore line: [ /usr/lib/gcc/arm-none-eabi/12.2.1/../../../arm-none-eabi/include/c++/12.2.1]
  ignore line: [ /usr/lib/gcc/arm-none-eabi/12.2.1/../../../arm-none-eabi/include/c++/12.2.1/arm-none-eabi/thumb/v8-m.main+fp/softfp]
  ignore line: [ /usr/lib/gcc/arm-none-eabi/12.2.1/../../../arm-none-eabi/include/c++/12.2.1/backward]
  ignore line: [ /usr/lib/gcc/arm-none-eabi/12.2.1/include]
  ignore line: [ /usr/lib/gcc/arm-none-eabi/12.2.1/include-fixed]
  ignore line: [ /usr/lib/gcc/arm-none-eabi/12.2.1/../../../arm-none-eabi/include]
  ignore line: [End of search list.]
  ignore line: [GNU C++17 (15:12.2.rel1-1) version 12.2.1 20221205 (arm-none-eabi)]
  ignore line: [	compiled by GNU C version 12.2.0  GMP version 6.2.1  MPFR version 4.1.0  MPC version 1.2.1  isl version isl-0.25-GMP]
  ignore line: []
  ignore line: [warning: MPFR header version 4.1.0 differs from library version 4.2.0.]
  ignore line: [warning: MPC header version 1.2.1 differs from library version 1.3.1.]
  ignore line: [GGC heuristics: --param ggc-min-expand=100 --param ggc-min-heapsize=131072]
  ignore line: [Compiler executable checksum: f1794f2cb31a99c4877e8a485721f724]
  ignore line: [COLLECT_GCC_OPTIONS='-mcpu=cortex-m33' '-mthumb'  '-mfloat-abi=softfp' '-mcmse' '-v' '-o' 'CMakeFiles/cmTC_45d18.dir/CMakeCXXCompilerABI.cpp.o' '-c' '-mlibarch=armv8-m.main+dsp+fp' '-march=armv8-m.main+dsp+fp' '-dumpdir' 'CMakeFiles/cmTC_45d18.dir/']
  ignore line: [ /usr/lib/gcc/arm-none-eabi/12.2.1/../../../arm-none-eabi/bin/as -v -march=armv8-m.main+dsp+fp -mfloat-abi=softfp -meabi=5 -o CMakeFiles/cmTC_45d18.dir/CMakeCXXCompilerABI.cpp.o /tmp/ccaT0dno.s]
  ignore line: [GNU assembler version 2.40 (arm-none-eabi) using BFD version (2.40-2+18+b1) 2.40]
  ignore line: [COMPILER_PATH=/usr/lib/gcc/arm-none-eabi/12.2.1/:/usr/lib/gcc/arm-none-eabi/12.2.1/:/usr/lib/gcc/arm-none-eabi/:/usr/lib/gcc/arm-none-eabi/12.2.1/:/usr/lib/gcc/arm-none-eabi/:/usr/lib/gcc/arm-none-eabi/12.2.1/../../../arm-none-eabi/bin/]
  ignore line: [LIBRARY_PATH=/usr/lib/gcc/arm-none-eabi/12.2.1/thumb/v8-m.main+fp/softfp/:/usr/lib/gcc/arm-none-eabi/12.2.1/../../../arm-none-eabi/lib/thumb/v8-m.main+fp/softfp/:/usr/lib/gcc/arm-none-eabi/12.2.1/:/usr/lib/gcc/arm-none-eabi/12.2.1/../../../arm-none-eabi/lib/]
  ignore line: [COLLECT_GCC_OPTIONS='-mcpu=cortex-m33' '-mthumb'  '-mfloat-abi=softfp' '-mcmse' '-v' '-o' 'CMakeFiles/cmTC_45d18.dir/CMakeCXXCompilerABI.cpp.o' '-c' '-mlibarch=armv8-m.main+dsp+fp' '-march=armv8-m.main+dsp+fp' '-dumpdir' 'CMakeFiles/cmTC_45d18.dir/CMakeCXXCompilerABI.cpp.']
  ignore line: [Linking CXX executable cmTC_45d18.elf]
  ignore line: [/usr/bin/cmake -E cmake_link_script CMakeFiles/cmTC_45d18.dir/link.txt --verbose=1]
  ignore line: [/usr/bin/arm-none-eabi-g++ -mcpu=cortex-m33 -mthumb -march=armv8-m.main+fp+dsp -mfloat-abi=softfp -mcmse  -Wl --build-id=none -nostdlib  -v CMakeFiles/cmTC_45d18.dir/CMakeCXXCompilerABI.cpp.o -o cmTC_45d18.elf ]
  ignore line: [Using built-in specs.]
  ignore line: [COLLECT_GCC=/usr/bin/arm-none-eabi-g++]
  ignore line: [COLLECT_LTO_WRAPPER=/usr/lib/gcc/arm-none-eabi/12.2.1/lto-wrapper]
  ignore line: [Target: arm-none-eabi]
  ignore line: [Configured with: ../configure --build=aarch64-linux-gnu --prefix=/usr --includedir='/usr/lib/include' --mandir='/usr/lib/share/man' --infodir='/usr/lib/share/info' --sysconfdir=/etc --localstatedir=/var --disable-option-checking --disable-silent-rules --libdir='/usr/lib/lib/aarch64-linux-gnu' --libexecdir='/usr/lib/lib/aarch64-linux-gnu' --disable-maintainer-mode --disable-dependency-tracking --mandir=/usr/share/man --enable-languages=c,c++,lto --enable-multilib --disable-decimal-float --disable-libffi --disable-libgomp --disable-libmudflap --disable-libquadmath --disable-libssp --disable-libstdcxx-pch --disable-nls --disable-shared --disable-threads --enable-tls --build=aarch64-linux-gnu --target=arm-none-eabi --with-system-zlib --with-gnu-as --with-gnu-ld --with-pkgversion=15:12.2.rel1-1 --without-included-gettext --prefix=/usr/lib --infodir=/usr/share/doc/gcc-arm-none-eabi/info --htmldir=/usr/share/doc/gcc-arm-none-eabi/html --pdfdir=/usr/share/doc/gcc-arm-none-eabi/pdf --bindir=/usr/bin --libexecdir=/usr/lib --libdir=/usr/lib --disable-libstdc++-v3 --host=aarch64-linux-gnu --with-headers=no --without-newlib --with-multilib-list=rmprofile,aprofile ASFLAGS= CFLAGS='-g -O2 -ffile-prefix-map=/build/gcc-arm-none-eabi-xyVptX/gcc-arm-none-eabi-12.2.rel1=. -fstack-protector-strong' CPPFLAGS='-Wdate-time -D_FORTIFY_SOURCE=2' CXXFLAGS='-g -O2 -ffile-prefix-map=/build/gcc-arm-none-eabi-xyVptX/gcc-arm-none-eabi-12.2.rel1=. -fstack-protector-strong' DFLAGS=-frelease FCFLAGS='-g -O2 -ffile-prefix-map=/build/gcc-arm-none-eabi-xyVptX/gcc-arm-none-eabi-12.2.rel1=. -fstack-protector-strong' FFLAGS='-g -O2 -ffile-prefix-map=/build/gcc-arm-none-eabi-xyVptX/gcc-arm-none-eabi-12.2.rel1=. -fstack-protector-strong' GCJFLAGS='-g -O2 -ffile-prefix-map=/build/gcc-arm-none-eabi-xyVptX/gcc-arm-none-eabi-12.2.rel1=. -fstack-protector-strong' LDFLAGS=-Wl,-z,relro OBJCFLAGS='-g -O2 -ffile-prefix-map=/build/gcc-arm-none-eabi-xyVptX/gcc-arm-none-eabi-12.2.rel1=. -fstack-protector-strong' OBJCXXFLAGS='-g -O2 -ffile-prefix-map=/build/gcc-arm-none-eabi-xyVptX/gcc-arm-none-eabi-12.2.rel1=. -fstack-protector-strong' INHIBIT_LIBC_CFLAGS=-DUSE_TM_CLONE_REGISTRY=0 AR_FOR_TARGET=arm-none-eabi-ar AS_FOR_TARGET=arm-none-eabi-as LD_FOR_TARGET=arm-none-eabi-ld NM_FOR_TARGET=arm-none-eabi-nm OBJDUMP_FOR_TARGET=arm-none-eabi-objdump RANLIB_FOR_TARGET=arm-none-eabi-ranlib READELF_FOR_TARGET=arm-none-eabi-readelf STRIP_FOR_TARGET=arm-none-eabi-strip SED=/bin/sed SHELL=/bin/sh BASH=/bin/bash CONFIG_SHELL=/bin/bash]
  ignore line: [Thread model: single]
  ignore line: [Supported LTO compression algorithms: zlib]
  ignore line: [gcc version 12.2.1 20221205 (15:12.2.rel1-1) ]
  ignore line: [COMPILER_PATH=/usr/lib/gcc/arm-none-eabi/12.2.1/:/usr/lib/gcc/arm-none-eabi/12.2.1/:/usr/lib/gcc/arm-none-eabi/:/usr/lib/gcc/arm-none-eabi/12.2.1/:/usr/lib/gcc/arm-none-eabi/:/usr/lib/gcc/arm-none-eabi/12.2.1/../../../arm-none-eabi/bin/]
  ignore line: [LIBRARY_PATH=/usr/lib/gcc/arm-none-eabi/12.2.1/thumb/v8-m.main+fp/softfp/:/usr/lib/gcc/arm-none-eabi/12.2.1/../../../arm-none-eabi/lib/thumb/v8-m.main+fp/softfp/:/usr/lib/gcc/arm-none-eabi/12.2.1/:/usr/lib/gcc/arm-none-eabi/12.2.1/../../../arm-none-eabi/lib/]
  ignore line: [COLLECT_GCC_OPTIONS='-mcpu=cortex-m33' '-mthumb'  '-mfloat-abi=softfp' '-mcmse' '-nostdlib' '-v' '-o' 'cmTC_45d18.elf' '-mlibarch=armv8-m.main+dsp+fp' '-march=armv8-m.main+dsp+fp' '-dumpdir' 'cmTC_45d18.elf.']
  link line: [ /usr/lib/gcc/arm-none-eabi/12.2.1/collect2 -plugin /usr/lib/gcc/arm-none-eabi/12.2.1/liblto_plugin.so -plugin-opt=/usr/lib/gcc/arm-none-eabi/12.2.1/lto-wrapper -plugin-opt=-fresolution=/tmp/ccYSUBuV.res -X -o cmTC_45d18.elf -L/usr/lib/gcc/arm-none-eabi/12.2.1/thumb/v8-m.main+fp/softfp -L/usr/lib/gcc/arm-none-eabi/12.2.1/../../../arm-none-eabi/lib/thumb/v8-m.main+fp/softfp -L/usr/lib/gcc/arm-none-eabi/12.2.1 -L/usr/lib/gcc/arm-none-eabi/12.2.1/../../../arm-none-eabi/lib --build-id=none CMakeFiles/cmTC_45d18.dir/CMakeCXXCompilerABI.cpp.o]
    arg [/usr/lib/gcc/arm-none-eabi/12.2.1/collect2] ==> ignore
    arg [-plugin] ==> ignore
    arg [/usr/lib/gcc/arm-none-eabi/12.2.1/liblto_plugin.so] ==> ignore
    arg [-plugin-opt=/usr/lib/gcc/arm-none-eabi/12.2.1/lto-wrapper] ==> ignore
    arg [-plugin-opt=-fresolution=/tmp/ccYSUBuV.res] ==> ignore
    arg [-X] ==> ignore
    arg [-o] ==> ignore
    arg [cmTC_45d18.elf] ==> ignore
    arg [-L/usr/lib/gcc/arm-none-eabi/12.2.1/thumb/v8-m.main+fp/softfp] ==> dir [/usr/lib/gcc/arm-none-eabi/12.2.1/thumb/v8-m.main+fp/softfp]
    arg [-L/usr/lib/gcc/arm-none-eabi/12.2.1/../../../arm-none-eabi/lib/thumb/v8-m.main+fp/softfp] ==> dir [/usr/lib/gcc/arm-none-eabi/12.2.1/../../../arm-none-eabi/lib/thumb/v8-m.main+fp/softfp]
    arg [-L/usr/lib/gcc/arm-none-eabi/12.2.1] ==> dir [/usr/lib/gcc/arm-none-eabi/12.2.1]
    arg [-L/usr/lib/gcc/arm-none-eabi/12.2.1/../../../arm-none-eabi/lib] ==> dir [/usr/lib/gcc/arm-none-eabi/12.2.1/../../../arm-none-eabi/lib]
    arg [--build-id=none] ==> ignore
    arg [CMakeFiles/cmTC_45d18.dir/CMakeCXXCompilerABI.cpp.o] ==> ignore
  collapse library dir [/usr/lib/gcc/arm-none-eabi/12.2.1/thumb/v8-m.main+fp/softfp] ==> [/usr/lib/gcc/arm-none-eabi/12.2.1/thumb/v8-m.main+fp/softfp]
  collapse library dir [/usr/lib/gcc/arm-none-eabi/12.2.1/../../../arm-none-eabi/lib/thumb/v8-m.main+fp/softfp] ==> [/usr/lib/arm-none-eabi/lib/thumb/v8-m.main+fp/softfp]
  collapse library dir [/usr/lib/gcc/arm-none-eabi/12.2.1] ==> [/usr/lib/gcc/arm-none-eabi/12.2.1]
  collapse library dir [/usr/lib/gcc/arm-none-eabi/12.2.1/../../../arm-none-eabi/lib] ==> [/usr/lib/arm-none-eabi/lib]
  implicit libs: []
  implicit objs: []
  implicit dirs: [/usr/lib/gcc/arm-none-eabi/12.2.1/thumb/v8-m.main+fp/softfp;/usr/lib/arm-none-eabi/lib/thumb/v8-m.main+fp/softfp;/usr/lib/gcc/arm-none-eabi/12.2.1;/usr/lib/arm-none-eabi/lib]
  implicit fwks: []


